zXingDemo/build/outputs/logs/manifest-merger-debug-report.txt
-- Merging decision tree log ---
manifest
ADDED from AndroidManifest.xml:2:1
	package
		ADDED from AndroidManifest.xml:3:2
		INJECTED from AndroidManifest.xml:0:0
		INJECTED from AndroidManifest.xml:0:0
	android:versionName
		ADDED from AndroidManifest.xml:4:2
	android:versionCode
		ADDED from AndroidManifest.xml:3:36
		INJECTED from AndroidManifest.xml:0:0
		INJECTED from AndroidManifest.xml:0:0
	xmlns:android
		ADDED from AndroidManifest.xml:2:11
uses-sdk
ADDED from AndroidManifest.xml:5:2
	android:targetSdkVersion
		INJECTED from AndroidManifest.xml:0:0
		INJECTED from AndroidManifest.xml:0:0
	android:minSdkVersion
		ADDED from AndroidManifest.xml:5:12
		INJECTED from AndroidManifest.xml:0:0
		INJECTED from AndroidManifest.xml:0:0
application
ADDED from AndroidManifest.xml:7:2
	android:label
		ADDED from AndroidManifest.xml:7:45
	android:icon
		ADDED from AndroidManifest.xml:7:15
activity#com.zijunlin.Zxing.Demo.CaptureActivity
ADDED from AndroidManifest.xml:8:3
	android:screenOrientation
		ADDED from AndroidManifest.xml:9:4
	android:windowSoftInputMode
		ADDED from AndroidManifest.xml:11:4
	android:configChanges
		ADDED from AndroidManifest.xml:9:42
	android:theme
		ADDED from AndroidManifest.xml:10:4
	android:name
		ADDED from AndroidManifest.xml:8:13
intent-filter#android.intent.action.MAIN+android.intent.category.LAUNCHER
ADDED from AndroidManifest.xml:12:4
action#android.intent.action.MAIN
ADDED from AndroidManifest.xml:13:5
	android:name
		ADDED from AndroidManifest.xml:13:13
category#android.intent.category.LAUNCHER
ADDED from AndroidManifest.xml:14:5
	android:name
		ADDED from AndroidManifest.xml:14:15
uses-permission#android.permission.CAMERA
ADDED from AndroidManifest.xml:19:2
	android:name
		ADDED from AndroidManifest.xml:19:19
uses-permission#android.permission.WRITE_EXTERNAL_STORAGE
ADDED from AndroidManifest.xml:20:2
	android:name
		ADDED from AndroidManifest.xml:20:19
uses-feature#android.hardware.camera
ADDED from AndroidManifest.xml:21:2
	android:name
		ADDED from AndroidManifest.xml:21:16
uses-feature#android.hardware.camera.autofocus
ADDED from AndroidManifest.xml:22:2
	android:name
		ADDED from AndroidManifest.xml:22:16
uses-permission#android.permission.VIBRATE
ADDED from AndroidManifest.xml:23:4
	android:name
		ADDED from AndroidManifest.xml:23:21
uses-permission#android.permission.FLASHLIGHT
ADDED from AndroidManifest.xml:24:3
	android:name
		ADDED from AndroidManifest.xml:24:20